<?xml version="1.0" encoding="UTF-8"?>
<testng-results ignored="8" total="9" passed="0" failed="1" skipped="0">
  <reporter-output>
  </reporter-output>
  <suite started-at="2023-10-27T11:33:30 PDT" name="Default suite" finished-at="2023-10-27T11:33:52 PDT" duration-ms="22503">
    <groups>
    </groups>
    <test started-at="2023-10-27T11:33:30 PDT" name="Default test" finished-at="2023-10-27T11:33:52 PDT" duration-ms="22503">
      <class name="org.techArk.EndToEndScript.EndToEndScript">
        <test-method is-config="true" signature="beforeSuite()[pri:0, instance:org.techArk.EndToEndScript.EndToEndScript@49912c99]" started-at="2023-10-27T11:33:30 PDT" name="beforeSuite" finished-at="2023-10-27T11:33:30 PDT" duration-ms="7" status="PASS">
          <reporter-output>
          </reporter-output>
        </test-method> <!-- beforeSuite -->
        <test-method is-config="true" signature="beforeClass()[pri:0, instance:org.techArk.EndToEndScript.EndToEndScript@49912c99]" started-at="2023-10-27T11:33:30 PDT" name="beforeClass" finished-at="2023-10-27T11:33:30 PDT" duration-ms="433" status="PASS">
          <reporter-output>
          </reporter-output>
        </test-method> <!-- beforeClass -->
        <test-method signature="validLogin()[pri:3, instance:org.techArk.EndToEndScript.EndToEndScript@49912c99]" started-at="2023-10-27T11:33:30 PDT" name="validLogin" finished-at="2023-10-27T11:33:52 PDT" duration-ms="22033" status="FAIL">
          <exception class="java.lang.AssertionError">
            <message>
              <![CDATA[Login functionality is failing due to :: Connection timed out: connect]]>
            </message>
            <full-stacktrace>
              <![CDATA[java.lang.AssertionError: Login functionality is failing due to :: Connection timed out: connect
at org.testng.Assert.fail(Assert.java:97)
at org.techArk.utils.APIHelper.login(APIHelper.java:46)
at org.techArk.EndToEndScript.EndToEndScript.validLogin(EndToEndScript.java:80)
at java.base/jdk.internal.reflect.NativeMethodAccessorImpl.invoke0(Native Method)
at java.base/jdk.internal.reflect.NativeMethodAccessorImpl.invoke(NativeMethodAccessorImpl.java:77)
at java.base/jdk.internal.reflect.DelegatingMethodAccessorImpl.invoke(DelegatingMethodAccessorImpl.java:43)
at java.base/java.lang.reflect.Method.invoke(Method.java:568)
at org.testng.internal.MethodInvocationHelper.invokeMethod(MethodInvocationHelper.java:134)
at org.testng.internal.TestInvoker.invokeMethod(TestInvoker.java:597)
at org.testng.internal.TestInvoker.invokeTestMethod(TestInvoker.java:173)
at org.testng.internal.MethodRunner.runInSequence(MethodRunner.java:46)
at org.testng.internal.TestInvoker$MethodInvocationAgent.invoke(TestInvoker.java:816)
at org.testng.internal.TestInvoker.invokeTestMethods(TestInvoker.java:146)
at org.testng.internal.TestMethodWorker.invokeTestMethods(TestMethodWorker.java:146)
at org.testng.internal.TestMethodWorker.run(TestMethodWorker.java:128)
at java.base/java.util.ArrayList.forEach(ArrayList.java:1511)
at org.testng.TestRunner.privateRun(TestRunner.java:766)
at org.testng.TestRunner.run(TestRunner.java:587)
at org.testng.SuiteRunner.runTest(SuiteRunner.java:384)
at org.testng.SuiteRunner.runSequentially(SuiteRunner.java:378)
at org.testng.SuiteRunner.privateRun(SuiteRunner.java:337)
at org.testng.SuiteRunner.run(SuiteRunner.java:286)
at org.testng.SuiteRunnerWorker.runSuite(SuiteRunnerWorker.java:53)
at org.testng.SuiteRunnerWorker.run(SuiteRunnerWorker.java:96)
at org.testng.TestNG.runSuitesSequentially(TestNG.java:1187)
at org.testng.TestNG.runSuitesLocally(TestNG.java:1109)
at org.testng.TestNG.runSuites(TestNG.java:1039)
at org.testng.TestNG.run(TestNG.java:1007)
at org.testng.remote.AbstractRemoteTestNG.run(AbstractRemoteTestNG.java:115)
at org.testng.remote.RemoteTestNG.initAndRun(RemoteTestNG.java:251)
at org.testng.remote.RemoteTestNG.main(RemoteTestNG.java:77)
]]>
            </full-stacktrace>
          </exception> <!-- java.lang.AssertionError -->
          <reporter-output>
          </reporter-output>
        </test-method> <!-- validLogin -->
      </class> <!-- org.techArk.EndToEndScript.EndToEndScript -->
    </test> <!-- Default test -->
  </suite> <!-- Default suite -->
</testng-results>
